22:17:15.426 [main] DEBUG org.testng.TestNG - suiteXmlPath: "E:\EclipseWorkspace\Opencart2024\master.xml"
22:17:15.872 [main]  INFO org.testng.internal.Utils - [TestNG] Running:
  E:\EclipseWorkspace\Opencart2024\master.xml

22:17:28.146 [main]  INFO testCases.TC001_AccountRegistrationTest - Starting the testcase
22:17:28.487 [main]  INFO testCases.TC001_AccountRegistrationTest - Clicked on My account
22:17:29.819 [main]  INFO testCases.TC001_AccountRegistrationTest - Clicked on Register
22:17:29.827 [main]  INFO testCases.TC001_AccountRegistrationTest - Providing Customer Information.....
22:17:31.754 [main]  INFO testCases.TC001_AccountRegistrationTest - Clicked on My Account Link
22:17:31.754 [main]  INFO testCases.TC001_AccountRegistrationTest - Finished verify account registration test 
22:18:05.813 [main] DEBUG org.testng.TestNG - suiteXmlPath: "E:\EclipseWorkspace\Opencart2024\master.xml"
22:18:06.303 [main]  INFO org.testng.internal.Utils - [TestNG] Running:
  E:\EclipseWorkspace\Opencart2024\master.xml

22:18:23.507 [main]  INFO testCases.TC001_AccountRegistrationTest - Starting the testcase
22:18:23.693 [main]  INFO testCases.TC001_AccountRegistrationTest - Clicked on My account
22:18:24.472 [main]  INFO testCases.TC001_AccountRegistrationTest - Clicked on Register
22:18:24.485 [main]  INFO testCases.TC001_AccountRegistrationTest - Providing Customer Information.....
22:18:26.516 [main]  INFO testCases.TC001_AccountRegistrationTest - Clicked on My Account Link
22:18:26.517 [main]  INFO testCases.TC001_AccountRegistrationTest - Finished verify account registration test 
22:21:44.812 [main] DEBUG org.testng.TestNG - suiteXmlPath: "E:\EclipseWorkspace\Opencart2024\crossbrowsertesting.xml"
22:21:45.293 [main]  INFO org.testng.internal.Utils - [TestNG] Running:
  E:\EclipseWorkspace\Opencart2024\crossbrowsertesting.xml

22:21:54.252 [TestNG-tests-1]  INFO testCases.TC001_AccountRegistrationTest - Starting the testcase
22:21:54.852 [TestNG-tests-1]  INFO testCases.TC001_AccountRegistrationTest - Clicked on My account
22:21:57.502 [TestNG-tests-2]  INFO testCases.TC001_AccountRegistrationTest - Starting the testcase
22:21:58.087 [TestNG-tests-2]  INFO testCases.TC001_AccountRegistrationTest - Clicked on My account
22:21:58.538 [TestNG-tests-1]  INFO testCases.TC001_AccountRegistrationTest - Clicked on Register
22:21:58.546 [TestNG-tests-1]  INFO testCases.TC001_AccountRegistrationTest - Providing Customer Information.....
22:21:59.884 [TestNG-tests-2]  INFO testCases.TC001_AccountRegistrationTest - Clicked on Register
22:21:59.887 [TestNG-tests-2]  INFO testCases.TC001_AccountRegistrationTest - Providing Customer Information.....
22:22:04.489 [TestNG-tests-3]  INFO testCases.TC001_AccountRegistrationTest - Starting the testcase
22:22:04.686 [TestNG-tests-2]  INFO testCases.TC001_AccountRegistrationTest - Clicked on My Account Link
22:22:04.686 [TestNG-tests-2]  INFO testCases.TC001_AccountRegistrationTest - Finished verify account registration test 
22:22:04.808 [TestNG-tests-3]  INFO testCases.TC001_AccountRegistrationTest - Clicked on My account
22:22:06.078 [TestNG-tests-3]  INFO testCases.TC001_AccountRegistrationTest - Clicked on Register
22:22:06.079 [TestNG-tests-3]  INFO testCases.TC001_AccountRegistrationTest - Providing Customer Information.....
22:22:06.894 [TestNG-tests-1]  INFO testCases.TC001_AccountRegistrationTest - Clicked on My Account Link
22:22:06.894 [TestNG-tests-1]  INFO testCases.TC001_AccountRegistrationTest - Finished verify account registration test 
22:22:08.365 [TestNG-tests-3]  INFO testCases.TC001_AccountRegistrationTest - Clicked on My Account Link
22:22:08.366 [TestNG-tests-3]  INFO testCases.TC001_AccountRegistrationTest - Finished verify account registration test 
08:53:13.515 [main] DEBUG org.testng.TestNG - suiteXmlPath: "E:\EclipseWorkspace\Opencart2024\master.xml"
08:53:15.354 [main]  INFO org.testng.internal.Utils - [TestNG] Running:
  E:\EclipseWorkspace\Opencart2024\master.xml

08:53:25.721 [main]  INFO testCases.TC001_AccountRegistrationTest - Starting the testcase
08:53:26.005 [main]  INFO testCases.TC001_AccountRegistrationTest - Clicked on My account
08:53:27.558 [main]  INFO testCases.TC001_AccountRegistrationTest - Clicked on Register
08:53:27.570 [main]  INFO testCases.TC001_AccountRegistrationTest - Providing Customer Information.....
08:53:30.064 [main]  INFO testCases.TC001_AccountRegistrationTest - Clicked on My Account Link
08:53:30.064 [main]  INFO testCases.TC001_AccountRegistrationTest - Finished verify account registration test 
12:05:39.840 [main] DEBUG org.testng.TestNG - suiteXmlPath: "E:\EclipseWorkspace\Opencart2024\master.xml"
12:05:40.346 [main]  INFO org.testng.internal.Utils - [TestNG] Running:
  E:\EclipseWorkspace\Opencart2024\master.xml

12:05:46.231 [main]  INFO testCases.TC001_AccountRegistrationTest - Starting the testcase
12:05:46.598 [main]  INFO testCases.TC001_AccountRegistrationTest - Clicked on My account
